生成启动时间为 2014/5/15 15:10:19。
     1>项目“F:\work\program dir\program dir\HWOcrEngine\HWOcrEngine\HWOcrEngine.vcxproj”在节点 2 上(build 个目标)。
     1>InitializeBuildStatus:
         正在创建“Debug\HWOcrEngine.unsuccessfulbuild”，因为已指定“AlwaysCreate”。
       ClCompile:
         D:\Program Files\Microsoft Visual Studio 10.0\VC\bin\CL.exe /c /ZI /nologo /W3 /WX- /Od /Oy- /D WIN32 /D _DEBUG /D _CONSOLE /D _UNICODE /D UNICODE /Gm /EHsc /RTC1 /MDd /GS /fp:precise /Zc:wchar_t /Zc:forScope /Fo"Debug\\" /Fd"Debug\vc100.pdb" /Gd /TP /analyze- /errorReport:prompt callerforlinux.cpp
         callerforlinux.cpp
     1>f:\work\program dir\program dir\hwocrengine\hwocrengine\callerforlinux.cpp(36): warning C4996: 'sprintf': This function or variable may be unsafe. Consider using sprintf_s instead. To disable deprecation, use _CRT_SECURE_NO_WARNINGS. See online help for details.
                 d:\program files\microsoft visual studio 10.0\vc\include\stdio.h(371) : 参见“sprintf”的声明
     1>f:\work\program dir\program dir\hwocrengine\hwocrengine\callerforlinux.cpp(70): warning C4996: 'sprintf': This function or variable may be unsafe. Consider using sprintf_s instead. To disable deprecation, use _CRT_SECURE_NO_WARNINGS. See online help for details.
                 d:\program files\microsoft visual studio 10.0\vc\include\stdio.h(371) : 参见“sprintf”的声明
     1>f:\work\program dir\program dir\hwocrengine\hwocrengine\callerforlinux.cpp(117): warning C4996: 'sprintf': This function or variable may be unsafe. Consider using sprintf_s instead. To disable deprecation, use _CRT_SECURE_NO_WARNINGS. See online help for details.
                 d:\program files\microsoft visual studio 10.0\vc\include\stdio.h(371) : 参见“sprintf”的声明
     1>f:\work\program dir\program dir\hwocrengine\hwocrengine\callerforlinux.cpp(118): warning C4996: 'fopen': This function or variable may be unsafe. Consider using fopen_s instead. To disable deprecation, use _CRT_SECURE_NO_WARNINGS. See online help for details.
                 d:\program files\microsoft visual studio 10.0\vc\include\stdio.h(234) : 参见“fopen”的声明
     1>f:\work\program dir\program dir\hwocrengine\hwocrengine\callerforlinux.cpp(20): warning C4101: “count”: 未引用的局部变量
     1>f:\work\program dir\program dir\hwocrengine\hwocrengine\callerforlinux.cpp(17): warning C4101: “nFileLen”: 未引用的局部变量
     1>f:\work\program dir\program dir\hwocrengine\hwocrengine\callerforlinux.cpp(26): warning C4101: “pReturn”: 未引用的局部变量
     1>f:\work\program dir\program dir\hwocrengine\hwocrengine\callerforlinux.cpp(18): warning C4101: “iSkewAngle”: 未引用的局部变量
       ManifestResourceCompile:
         所有输出均为最新。
       Link:
         D:\Program Files\Microsoft Visual Studio 10.0\VC\bin\link.exe /ERRORREPORT:PROMPT /OUT:"F:\work\program dir\program dir\HWOcrEngine\Debug\HWOcrEngine.exe" /INCREMENTAL /NOLOGO HWOcrEngine.lib opencv_calib3d245d.lib opencv_contrib245d.lib opencv_core245d.lib opencv_features2d245d.lib opencv_flann245d.lib opencv_gpu245d.lib opencv_highgui245d.lib opencv_imgproc245d.lib opencv_legacy245d.lib opencv_ml245d.lib opencv_objdetect245d.lib opencv_ts245d.lib opencv_video245d.lib kernel32.lib user32.lib gdi32.lib winspool.lib comdlg32.lib advapi32.lib shell32.lib ole32.lib oleaut32.lib uuid.lib odbc32.lib odbccp32.lib /MANIFEST /ManifestFile:"Debug\HWOcrEngine.exe.intermediate.manifest" /MANIFESTUAC:"level='asInvoker' uiAccess='false'" /DEBUG /PDB:"F:\work\program dir\program dir\HWOcrEngine\Debug\HWOcrEngine.pdb" /SUBSYSTEM:CONSOLE /TLBID:1 /DYNAMICBASE /NXCOMPAT /IMPLIB:"F:\work\program dir\program dir\HWOcrEngine\Debug\HWOcrEngine.lib" /MACHINE:X86 Debug\HWOcrEngine.exe.embed.manifest.res
         Debug\callerforlinux.obj
       Manifest:
         C:\Program Files\Microsoft SDKs\Windows\v7.0A\bin\mt.exe /nologo /verbose /out:"Debug\HWOcrEngine.exe.embed.manifest" /manifest Debug\HWOcrEngine.exe.intermediate.manifest
         所有输出均为最新。
       LinkEmbedManifest:
         所有输出均为最新。
         HWOcrEngine.vcxproj -> F:\work\program dir\program dir\HWOcrEngine\Debug\HWOcrEngine.exe
       FinalizeBuildStatus:
         正在删除文件“Debug\HWOcrEngine.unsuccessfulbuild”。
         正在对“Debug\HWOcrEngine.lastbuildstate”执行 Touch 任务。
     1>已完成生成项目“F:\work\program dir\program dir\HWOcrEngine\HWOcrEngine\HWOcrEngine.vcxproj”(build 个目标)的操作。

生成成功。

已用时间 00:00:01.67
